<?xml version="1.0" encoding="UTF-8"?>
<!-- Generated by org.testng.reporters.JUnitReportReporter -->
<testsuite hostname="DESKTOP-M9CE7PB" failures="0" tests="2" name="runners.RunCukesTest" time="48.161" errors="0" timestamp="27 Jun 2019 12:54:01 GMT" skipped="0">
  <testcase classname="runners.RunCukesTest" name="runScenario" time="24.556"/>
  <testcase classname="runners.RunCukesTest" name="runScenario" time="23.605"/>
</testsuite> <!-- runners.RunCukesTest -->
