<?xml version="1.0" encoding="UTF-8"?>
<!-- Generated by org.testng.reporters.JUnitReportReporter -->
<testsuite hostname="DESKTOP-M9CE7PB" failures="0" tests="1" name="runners.RunCukesTest" time="37.958" errors="0" timestamp="30 Jun 2019 10:23:08 GMT" skipped="0">
  <testcase classname="runners.RunCukesTest" name="runScenario" time="37.958"/>
</testsuite> <!-- runners.RunCukesTest -->
