<?xml version="1.0" encoding="UTF-8"?>
<!-- Generated by org.testng.reporters.JUnitReportReporter -->
<testsuite hostname="DESKTOP-M9CE7PB" failures="0" tests="1" name="runners.RunCukesTest" time="22.765" errors="0" timestamp="27 Jun 2019 12:34:27 GMT" skipped="0">
  <testcase classname="runners.RunCukesTest" name="runScenario" time="22.765"/>
</testsuite> <!-- runners.RunCukesTest -->
