<?xml version="1.0" encoding="UTF-8"?>
<!-- Generated by org.testng.reporters.JUnitReportReporter -->
<testsuite hostname="DESKTOP-M9CE7PB" failures="0" tests="3" name="runners.RunCukesTest" time="107.466" errors="0" timestamp="30 Jun 2019 10:25:45 GMT" skipped="0">
  <testcase classname="runners.RunCukesTest" name="runScenario" time="38.346"/>
  <testcase classname="runners.RunCukesTest" name="runScenario" time="33.684"/>
  <testcase classname="runners.RunCukesTest" name="runScenario" time="35.436"/>
</testsuite> <!-- runners.RunCukesTest -->
