<?xml version="1.0" encoding="UTF-8"?>
<!-- Generated by org.testng.reporters.JUnitReportReporter -->
<testsuite hostname="DESKTOP-M9CE7PB" failures="0" tests="1" name="runners.RunCukesTest" time="19.024" errors="0" timestamp="27 Jun 2019 12:14:07 GMT" skipped="0">
  <testcase classname="runners.RunCukesTest" name="runScenario" time="19.024"/>
</testsuite> <!-- runners.RunCukesTest -->
